<?xml version="1.0" encoding="UTF-8"?>
<!-- Generated by org.testng.reporters.JUnitReportReporter -->
<testsuite hostname="MSI-L1584" name="com.testingApps.hybrid.test1" tests="1" failures="0" timestamp="11 Sep 2017 11:33:42 GMT" time="15.009" errors="0">
  <testcase name="sample" time="15.009" classname="com.testingApps.hybrid.test1"/>
</testsuite> <!-- com.testingApps.hybrid.test1 -->
