<?xml version="1.0" encoding="UTF-8"?>
<!-- Generated by org.testng.reporters.JUnitReportReporter -->
<testsuite hostname="MSI-L1584" name="com.testingApps.hybrid.test" tests="1" failures="0" timestamp="11 Sep 2017 10:59:19 GMT" time="28.141" errors="0">
  <testcase name="sample" time="28.141" classname="com.testingApps.hybrid.test"/>
</testsuite> <!-- com.testingApps.hybrid.test -->
