<?xml version="1.0" encoding="UTF-8"?>
<!-- Generated by org.testng.reporters.JUnitReportReporter -->
<testsuite hostname="MSI-L1584" name="com.testingApps.hybrid.test" tests="1" failures="0" timestamp="9 Sep 2017 13:36:32 GMT" time="6.858" errors="0">
  <testcase name="sample" time="6.858" classname="com.testingApps.hybrid.test"/>
</testsuite> <!-- com.testingApps.hybrid.test -->
